{ERRORS LOG}
{"message":"[21:21:05] - Legolas : 400€ - Unsain","level":"info"}
{"message":"[21:25:59] - Ironman : Puja insuficiente - Marti1","level":"warn"}
{"message":"[21:26:06] - Ironman : 350€ - Marti1","level":"info"}
{"message":"[21:27:32] - Chanel : 240€ - Jaques","level":"info"}
{"message":"[21:27:55] - Luke : 359€ - Torres","level":"info"}
{"message":"[21:28:44] - Marlon : 500€ - Ronaldo","level":"info"}
{"message":"[21:29:02] - Flor : 800€ - Calo","level":"info"}
{"message":"[21:29:34] - flor : Puja insuficiente - Michavila","level":"warn"}
{"message":"[21:29:54] - Goya : 400€ - ATMadrid","level":"info"}
{"message":"[21:30:02] - Flor : 380€ - Michavila","level":"info"}
{"message":"[21:30:35] - Gobo : 400€ - Txillida","level":"info"}
{"message":"[21:33:30] - CHAMP : Puja insuficiente - Marti1","level":"warn"}
{"message":"[21:33:45] - Champ : 380€ - Marti1","level":"info"}
{"message":"[21:35:30] - Lulu : 240€ - Quintana","level":"info"}
{"message":"[21:37:07] - Flor : 2200€ - Girbes","level":"info"}
{"message":"[21:42:06] - Brit : 260€ - Quintana","level":"info"}
{"message":"[21:44:06] - Pampa : 8493€ - Corbalan","level":"info"}
{"message":"[21:44:37] - Fluff : 280€ - Quintana","level":"info"}
{"message":"[21:44:46] - JAFFAR : Puja insuficiente - Txillida","level":"warn"}
{"message":"[21:44:58] - Jaffar : 440€ - Txillida","level":"info"}
{"message":"[21:45:40] - Lulu : 300€ - Quintana","level":"info"}
{"message":"[21:46:51] - PAMPA : Puja insuficiente - Ronaldo","level":"warn"}
{"message":"[21:47:00] - Pampa : 600€ - Ronaldo","level":"info"}
{"message":"[21:47:06] - Baby : 350€ - Quintana","level":"info"}
{"message":"[21:47:27] - León  : Este usuario no existe","level":"warn"}
{"message":"[21:47:43] - Leon : 320€ - Iniesta","level":"info"}
{"message":"[21:47:49] - Kobo : 170€ - Charles","level":"info"}
{"message":"[21:47:54] - PAMPA : Puja insuficiente - Corbalan","level":"warn"}
{"message":"[21:55:32] - Lulu : 370€ - Quintana","level":"info"}
{"message":"[21:57:26] - Ironman : 820€ - Calo","level":"info"}
{"message":"[21:59:52] - Bubba : 420€ - Unsain","level":"info"}
{"message":"[22:01:32] - Legolas : 440€ - Unsain","level":"info"}
{"message":"[22:01:34] - Brit : 840€ - Calo","level":"info"}
{"message":"[22:02:01] - Earl : 360€ - Iniesta","level":"info"}
{"message":"[22:02:19] - Baby : 390€ - Quintana","level":"info"}
{"message":"[22:02:23] - Brit : Puja insuficiente - Quintana","level":"warn"}
{"message":"[22:04:57] - Luna : 400€ - Marti2","level":"info"}
{"message":"[22:05:17] - Machu : Puja insuficiente - Marti1","level":"warn"}
{"message":"[22:05:22] - Machu : 400€ - Marti1","level":"info"}
{"message":"[22:06:12] - Machu : 700€ - Ronaldo","level":"info"}
{"message":"[22:07:55] - Fred : 420€ - Marti2","level":"info"}
{"message":"[22:09:05] - Hook : 860€ - Calo","level":"info"}
{"message":"[22:10:55] - Ironman : 500€ - Unsain","level":"info"}
{"message":"[22:13:41] - Aladin : 700€ - Mencheta","level":"info"}
{"message":"[22:14:12] - Cher : 200€ - Charles","level":"info"}
{"message":"[22:14:32] - Lulu : 410€ - Quintana","level":"info"}
{"message":"[22:14:38] - Kennedy : 260€ - Jaques","level":"info"}
{"message":"[22:16:19] - Candy : 320€ - FCBarcelona","level":"info"}
{"message":"[22:21:33] - Machu : 450€ - Marti2","level":"info"}
{"message":"[22:22:16] -  Baby : Este usuario no existe","level":"warn"}
{"message":"[22:22:26] -  Baby : Este usuario no existe","level":"warn"}
{"message":"[22:22:40] - Baby : Puja insuficiente - Quintana","level":"warn"}
{"message":"[22:22:54] - Baby : 430€ - Quintana","level":"info"}
{"message":"[22:23:05] - Coco : Puja insuficiente - Txillida","level":"warn"}
{"message":"[22:23:40] - Kobo : 300€ - Jaques","level":"info"}
{"message":"[22:24:16] - Coco : Puja insuficiente - Txillida","level":"warn"}
{"message":"[22:24:27] - Coco : Puja insuficiente - Txillida","level":"warn"}
{"message":"[22:24:43] - Cucu : 950€ - Calo","level":"info"}
{"message":"[22:25:28] - Coco : 500€ - Txillida","level":"info"}
{"message":"[22:26:02] - Legolas : 520€ - Unsain","level":"info"}
{"message":"[22:26:05] - Pampa : 400€ - Corbalan","level":"info"}
{"message":"[22:26:57] - Kennedy : Puja insuficiente - Jaques","level":"warn"}
{"message":"[22:27:10] - Kennedy : 330€ - Jaques","level":"info"}
{"message":"[22:28:27] - Miro : 220€ - Charles","level":"info"}
{"message":"[22:29:34] - HOOK : Contraseña incorrecta - undefined","level":"warn"}
{"message":"[22:29:55] - Pampa : 750€ - Ronaldo","level":"info"}
{"message":"[22:29:55] - Bubba : 550€ - Unsain","level":"info"}
{"message":"[22:30:11] - Cookie : 470€ - Marti2","level":"info"}
{"message":"[22:30:20] - Hook : 970€ - Calo","level":"info"}
{"message":"[22:30:33] - Kobo : 350€ - FCBarcelona","level":"info"}
{"message":"[22:30:37] - Eric : 400€ - Michavila","level":"info"}
{"message":"[22:30:57] - BUDDY : Puja insuficiente - Unsain","level":"warn"}
{"message":"[22:31:07] - Buddy : 600€ - Unsain","level":"info"}
{"message":"[22:31:14] - Legolas : Puja insuficiente - Unsain","level":"warn"}
{"message":"[22:31:21] - Kobo : 350€ - Jaques","level":"info"}
{"message":"[22:31:31] - Legolas : 620€ - Unsain","level":"info"}
{"message":"[22:32:10] - Champ : 490€ - Marti2","level":"info"}
{"message":"[22:32:34] - Joanna Devon : Este usuario no existe","level":"warn"}
{"message":"[22:32:37] - Joanna Devon : Este usuario no existe","level":"warn"}
{"message":"[22:32:38] - Joanna Devon : Este usuario no existe","level":"warn"}
{"message":"[22:33:00] - Marlon : Puja insuficiente - FCBarcelona","level":"warn"}
{"message":"[22:33:10] - Marlon : 375€ - FCBarcelona","level":"info"}
{"message":"[22:34:42] - Cucu : Contraseña incorrecta - undefined","level":"warn"}
{"message":"[22:34:55] - Cookie : 550€ - Marti2","level":"info"}
{"message":"[22:35:00] - Cucu : Puja insuficiente - Calo","level":"warn"}
{"message":"[22:35:17] - Mufasa : 425€ - ATMadrid","level":"info"}
{"message":"[22:35:30] - Cucu : 1000€ - Calo","level":"info"}
{"message":"[22:38:10] - Goya : 380€ - Torres","level":"info"}
{"message":"[22:43:30] - Luna : 600€ - Marti2","level":"info"}
{"message":"[22:44:15] - Kobo : 380€ - Iniesta","level":"info"}
{"message":"[22:44:19] - Cookie : 650€ - Unsain","level":"info"}
{"message":"[22:51:52] - Kojak : 600€ - Txillida","level":"info"}
{"message":"[22:51:52] - Leon : 120€ - Oyarzabal","level":"info"}
{"message":"[22:52:36] - Dali : 620€ - Marti2","level":"info"}
{"message":"[22:52:36] - Legolas : 700€ - Unsain","level":"info"}
{"message":"[22:52:53] - Dali : 420€ - Marti1","level":"info"}
{"message":"[22:53:00] - Luke : 400€ - Torres","level":"info"}
{"message":"[22:53:12] - BUDDY : Puja insuficiente - Calo","level":"warn"}
{"message":"[22:53:20] - BUDDY : Puja insuficiente - Calo","level":"warn"}
{"message":"[22:53:27] - Buddy : 500€ - Quintana","level":"info"}
{"message":"[22:53:37] - LEON : Puja insuficiente - Oyarzabal","level":"warn"}
{"message":"[22:53:46] - Leon : 270€ - Oyarzabal","level":"info"}
{"message":"[22:54:21] - Luna : 700€ - Marti2","level":"info"}
{"message":"[22:54:23] - Bubba : 720€ - Unsain","level":"info"}
{"message":"[22:54:46] - Machu : 500€ - Marti1","level":"info"}
{"message":"[22:55:52] - Dali : 720€ - Marti2","level":"info"}
{"message":"[22:56:08] - Legolas : 750€ - Unsain","level":"info"}
{"message":"[22:56:22] - Dali : 520€ - Marti1","level":"info"}
{"message":"[22:56:31] - Cookie : Puja insuficiente - Jaques","level":"warn"}
{"message":"[22:56:45] - Cookie : 380€ - Jaques","level":"info"}
{"message":"[22:57:05] - Luna : 800€ - Marti2","level":"info"}
{"message":"[22:57:05] - Darling : 395€ - FCBarcelona","level":"info"}
{"message":"[22:57:29] - Machu : 600€ - Marti1","level":"info"}
{"message":"[22:58:01] - Marlon : Puja insuficiente - FCBarcelona","level":"warn"}
{"message":"[22:58:08] - Marlon : 415€ - FCBarcelona","level":"info"}
{"message":"[23:01:59] - Brit : 520€ - Quintana","level":"info"}
{"message":"[23:04:46] - Machu : 850€ - Ronaldo","level":"info"}
{"message":"[23:11:59] - Buddy : 550€ - Quintana","level":"info"}
{"message":"[23:13:52] - Brit : 2260€ - Girbes","level":"info"}
{"message":"[23:14:16] - Goya : 420€ - Torres","level":"info"}
{"message":"[23:14:30] - Candy : 435€ - FCBarcelona","level":"info"}
{"message":"[23:14:44] - Jackson : 445€ - ATMadrid","level":"info"}
{"message":"[23:14:49] - Baby : 570€ - Quintana","level":"info"}
{"message":"[23:14:54] - Legolas : 900€ - Unsain","level":"info"}
{"message":"[23:14:59] - HOOK : Contraseña incorrecta - 6341","level":"warn"}
